<?xml version="1.0" encoding="UTF-8"?>
<!-- Generated by org.testng.reporters.JUnitReportReporter -->
<testsuite hostname="nagaraju-PC" name="majorTestingFunctions.HowToSetPropertyForTests" tests="4" failures="0" timestamp="7 Jun 2016 10:17:40 GMT" time="0.028" errors="0">
  <testcase name="c" time="0.002" classname="majorTestingFunctions.HowToSetPropertyForTests"/>
  <testcase name="d" time="0.001" classname="majorTestingFunctions.HowToSetPropertyForTests"/>
  <testcase name="b" time="0.023" classname="majorTestingFunctions.HowToSetPropertyForTests"/>
  <testcase name="a" time="0.002" classname="majorTestingFunctions.HowToSetPropertyForTests"/>
</testsuite> <!-- majorTestingFunctions.HowToSetPropertyForTests -->
