<?xml version="1.0" encoding="UTF-8"?>
<!-- Generated by org.testng.reporters.JUnitReportReporter -->
<testsuite hostname="nagaraju-PC" name="com.practies.compatibuilitytesting.LaunchingchromeBrowser" tests="1" failures="0" timestamp="6 Jun 2016 13:46:57 GMT" time="15.504" errors="0">
  <testcase name="test" time="15.504" classname="com.practies.compatibuilitytesting.LaunchingchromeBrowser"/>
</testsuite> <!-- com.practies.compatibuilitytesting.LaunchingchromeBrowser -->
