<?xml version="1.0" encoding="UTF-8"?>
<!-- Generated by org.testng.reporters.JUnitReportReporter -->
<testsuite hostname="nagaraju-PC" name="com.practies.selenium.NewTest" tests="1" failures="0" timestamp="3 Jun 2016 06:02:12 GMT" time="16.925" errors="0">
  <testcase name="naukrilogin" time="16.925" classname="com.practies.selenium.NewTest"/>
</testsuite> <!-- com.practies.selenium.NewTest -->
