<?xml version="1.0" encoding="UTF-8"?>
<!-- Generated by org.testng.reporters.JUnitReportReporter -->
<testsuite hostname="nagaraju-PC" name="testNG.practies.selenium.TestNGAnnotations" tests="1" failures="0" timestamp="5 Jun 2016 06:45:45 GMT" time="0.015" errors="0">
  <testcase name="test" time="0.015" classname="testNG.practies.selenium.TestNGAnnotations"/>
</testsuite> <!-- testNG.practies.selenium.TestNGAnnotations -->
