<?xml version="1.0" encoding="UTF-8"?>
<!-- Generated by org.testng.reporters.JUnitReportReporter -->
<testsuite hostname="nagaraju-PC" name="com.practies.compatibuilitytesting.LaunchingIEBrowser" tests="1" failures="0" timestamp="7 Jun 2016 09:35:29 GMT" time="5.326" errors="0">
  <testcase name="launchbrowser" time="5.326" classname="com.practies.compatibuilitytesting.LaunchingIEBrowser"/>
</testsuite> <!-- com.practies.compatibuilitytesting.LaunchingIEBrowser -->
