<?xml version="1.0" encoding="UTF-8"?>
<!-- Generated by org.testng.reporters.JUnitReportReporter -->
<testsuite hostname="nagaraju-PC" name="testNG.practies.selenium.HowtoFailaTestCase" tests="1" failures="0" timestamp="3 Jun 2016 08:09:09 GMT" time="27.170" errors="0">
  <testcase name="testWebpage" time="27.170" classname="testNG.practies.selenium.HowtoFailaTestCase"/>
</testsuite> <!-- testNG.practies.selenium.HowtoFailaTestCase -->
