<?xml version="1.0" encoding="UTF-8"?>
<!-- Generated by org.testng.reporters.JUnitReportReporter -->
<testsuite hostname="nagaraju-PC" name="majorTestingFunctions.ScreenShotTaking" tests="1" failures="0" timestamp="7 Jun 2016 11:46:45 GMT" time="41.835" errors="0">
  <testcase name="screenShot" time="41.835" classname="majorTestingFunctions.ScreenShotTaking"/>
</testsuite> <!-- majorTestingFunctions.ScreenShotTaking -->
