<?xml version="1.0" encoding="UTF-8"?>
<!-- Generated by org.testng.reporters.JUnitReportReporter -->
<testsuite hostname="nagaraju-PC" name="majorTestingFunctions.HowToDisableTestInTestNGClass" tests="2" failures="0" timestamp="7 Jun 2016 10:22:22 GMT" time="0.040" errors="0">
  <testcase name="a" time="0.039" classname="majorTestingFunctions.HowToDisableTestInTestNGClass"/>
  <testcase name="c" time="0.001" classname="majorTestingFunctions.HowToDisableTestInTestNGClass"/>
</testsuite> <!-- majorTestingFunctions.HowToDisableTestInTestNGClass -->
