<?xml version="1.0" encoding="UTF-8"?>
<!-- Generated by org.testng.reporters.JUnitReportReporter -->
<testsuite hostname="nagaraju-PC" name="testNG.practies.selenium.ExtendsSuperTestNGclass" tests="1" failures="0" timestamp="5 Jun 2016 06:54:25 GMT" time="0.021" errors="0">
  <testcase name="test01" time="0.021" classname="testNG.practies.selenium.ExtendsSuperTestNGclass"/>
</testsuite> <!-- testNG.practies.selenium.ExtendsSuperTestNGclass -->
