<?xml version="1.0" encoding="UTF-8"?>
<!-- Generated by org.testng.reporters.JUnitReportReporter -->
<testsuite hostname="nagaraju-PC" name="testNG.practies.selenium.Sample1" tests="2" failures="0" timestamp="3 Jun 2016 08:09:09 GMT" time="0.023" errors="0">
  <testcase name="b" time="0.001" classname="testNG.practies.selenium.Sample1"/>
  <testcase name="a" time="0.022" classname="testNG.practies.selenium.Sample1"/>
</testsuite> <!-- testNG.practies.selenium.Sample1 -->
