<?xml version="1.0" encoding="UTF-8"?>
<!-- Generated by org.testng.reporters.JUnitReportReporter -->
<testsuite hostname="nagaraju-PC" name="majorTestingFunctions.HowToScrollDownaPage" tests="1" failures="0" timestamp="7 Jun 2016 11:59:28 GMT" time="54.949" errors="0">
  <testcase name="scrolldowPage" time="54.949" classname="majorTestingFunctions.HowToScrollDownaPage"/>
</testsuite> <!-- majorTestingFunctions.HowToScrollDownaPage -->
