<?xml version="1.0" encoding="UTF-8"?>
<!-- Generated by org.testng.reporters.JUnitReportReporter -->
<testsuite hostname="nagaraju-PC" name="majorTestingFunctions.DependencyBWTwoTests" tests="2" failures="0" timestamp="7 Jun 2016 10:07:40 GMT" time="0.025" errors="0">
  <testcase name="deleteEmployee" time="0.001" classname="majorTestingFunctions.DependencyBWTwoTests"/>
  <testcase name="createEmployee" time="0.024" classname="majorTestingFunctions.DependencyBWTwoTests"/>
</testsuite> <!-- majorTestingFunctions.DependencyBWTwoTests -->
