<?xml version="1.0" encoding="UTF-8"?>
<!-- Generated by org.testng.reporters.JUnitReportReporter -->
<testsuite hostname="nagaraju-PC" name="testNG.practies.selenium.HardValidation" tests="1" failures="0" timestamp="3 Jun 2016 08:09:09 GMT" time="5.006" errors="0">
  <testcase name="validation" time="5.006" classname="testNG.practies.selenium.HardValidation"/>
</testsuite> <!-- testNG.practies.selenium.HardValidation -->
