<?xml version="1.0" encoding="UTF-8"?>
<!-- Generated by org.testng.reporters.JUnitReportReporter -->
<testsuite hostname="nagaraju-PC" name="com.actitime.test.SuperTextClass" tests="1" failures="0" timestamp="6 Jun 2016 06:27:11 GMT" time="0.012" errors="0">
  <testcase name="test" time="0.012" classname="com.actitime.test.SuperTextClass"/>
</testsuite> <!-- com.actitime.test.SuperTextClass -->
