<?xml version="1.0" encoding="UTF-8"?>
<!-- Generated by org.testng.reporters.JUnitReportReporter -->
<testsuite hostname="nagaraju-PC" name="com.actitime.test.LoginSC_001" tests="2" failures="0" timestamp="6 Jun 2016 07:02:15 GMT" time="3.738" errors="0">
  <testcase name="testLoginTC_001" time="3.737" classname="com.actitime.test.LoginSC_001"/>
  <testcase name="test" time="0.001" classname="com.actitime.test.LoginSC_001"/>
</testsuite> <!-- com.actitime.test.LoginSC_001 -->
