<?xml version="1.0" encoding="UTF-8"?>
<!-- Generated by org.testng.reporters.JUnitReportReporter -->
<testsuite hostname="nagaraju-PC" name="com.actitime.test.CreateTasksSC_002" tests="2" failures="0" timestamp="6 Jun 2016 13:10:13 GMT" time="11.091" errors="0">
  <testcase name="createtasksTC_002" time="11.090" classname="com.actitime.test.CreateTasksSC_002"/>
  <testcase name="test" time="0.001" classname="com.actitime.test.CreateTasksSC_002"/>
</testsuite> <!-- com.actitime.test.CreateTasksSC_002 -->
