<?xml version="1.0" encoding="UTF-8"?>
<!-- Generated by org.testng.reporters.JUnitReportReporter -->
<testsuite hostname="nagaraju-PC" name="com.demoactitime.test.DemoActitimeScenorio_01" tests="1" failures="0" timestamp="13 Jun 2016 16:17:53 GMT" time="7.295" errors="0">
  <testcase name="testLoginTC_001" time="7.295" classname="com.demoactitime.test.DemoActitimeScenorio_01"/>
</testsuite> <!-- com.demoactitime.test.DemoActitimeScenorio_01 -->
